android/app/build/intermediates/manifest_merge_blame_file/release/manifest-merger-blame-release-report.txt
1<?xml version="1.0" encoding="utf-8"?>
2<manifest xmlns:android="http://schemas.android.com/apk/res/android"
3    package="com.doomshell.ezypayroll"
4    android:versionCode="29"
5    android:versionName="2.1" >
6
7    <uses-sdk
8        android:minSdkVersion="21"
8-->src/main/AndroidManifest.xml
9        android:targetSdkVersion="33" />
9-->src/main/AndroidManifest.xml
10
11    <uses-permission android:name="android.permission.INTERNET" />
11-->src/main/AndroidManifest.xml:5:5-67
11-->src/main/AndroidManifest.xml:5:22-64
12    <uses-permission android:name="android.permission.RECEIVE_BOOT_COMPLETED" />
12-->src/main/AndroidManifest.xml:6:5-81
12-->src/main/AndroidManifest.xml:6:22-78
13    <uses-permission android:name="android.permission.VIBRATE" />
13-->src/main/AndroidManifest.xml:7:5-66
13-->src/main/AndroidManifest.xml:7:22-63
14    <uses-permission android:name="android.permission.CAMERA" />
14-->src/main/AndroidManifest.xml:8:5-65
14-->src/main/AndroidManifest.xml:8:22-62
15    <uses-permission android:name="android.permission.READ_EXTERNAL_STORAGE" />
15-->src/main/AndroidManifest.xml:9:5-80
15-->src/main/AndroidManifest.xml:9:22-77
16    <uses-permission android:name="android.permission.WRITE_EXTERNAL_STORAGE" />
16-->src/main/AndroidManifest.xml:10:5-81
16-->src/main/AndroidManifest.xml:10:22-78
17    <uses-permission android:name="android.permission.ACCESS_FINE_LOCATION" />
17-->src/main/AndroidManifest.xml:11:5-79
17-->src/main/AndroidManifest.xml:11:22-76
18    <uses-permission android:name="android.permission.ACCESS_NETWORK_STATE" />
18-->[:react-native-community_netinfo] AndroidManifest.xml:9:5-79
18-->[:react-native-community_netinfo] AndroidManifest.xml:9:22-76
19    <uses-permission android:name="android.permission.ACCESS_WIFI_STATE" />
19-->[:react-native-community_netinfo] AndroidManifest.xml:10:5-76
19-->[:react-native-community_netinfo] AndroidManifest.xml:10:22-73
20
21    <uses-feature
21-->[:react-native-camera] AndroidManifest.xml:11:5-13:36
22        android:name="android.hardware.camera"
22-->[:react-native-camera] AndroidManifest.xml:12:9-47
23        android:required="false" />
23-->[:react-native-camera] AndroidManifest.xml:13:9-33
24    <uses-feature
24-->[:react-native-camera] AndroidManifest.xml:14:5-16:36
25        android:name="android.hardware.camera.autofocus"
25-->[:react-native-camera] AndroidManifest.xml:15:9-57
26        android:required="false" />
26-->[:react-native-camera] AndroidManifest.xml:16:9-33
27
28    <uses-permission android:name="android.permission.WAKE_LOCK" />
28-->[:react-native-firebase] AndroidManifest.xml:10:5-68
28-->[:react-native-firebase] AndroidManifest.xml:10:22-65
29    <uses-permission android:name="android.permission.ACCESS_COARSE_LOCATION" /> <!-- Required by older versions of Google Play services to create IID tokens -->
29-->[:react-native-get-location] AndroidManifest.xml:9:5-81
29-->[:react-native-get-location] AndroidManifest.xml:9:22-78
30    <uses-permission android:name="com.google.android.c2dm.permission.RECEIVE" /> <!-- for android -->
30-->[com.google.firebase:firebase-iid:21.1.0] AndroidManifest.xml:26:5-82
30-->[com.google.firebase:firebase-iid:21.1.0] AndroidManifest.xml:26:22-79
31    <!-- <uses-permission android:name="com.android.launcher.permission.READ_SETTINGS"/> -->
32    <!-- <uses-permission android:name="com.android.launcher.permission.WRITE_SETTINGS"/> -->
33    <!-- <uses-permission android:name="com.android.launcher.permission.INSTALL_SHORTCUT" /> -->
34    <!-- <uses-permission android:name="com.android.launcher.permission.UNINSTALL_SHORTCUT" /> -->
35    <!-- for Samsung -->
36    <uses-permission android:name="com.sec.android.provider.badge.permission.READ" />
36-->[me.leolin:ShortcutBadger:1.1.22] AndroidManifest.xml:19:5-86
36-->[me.leolin:ShortcutBadger:1.1.22] AndroidManifest.xml:19:22-83
37    <uses-permission android:name="com.sec.android.provider.badge.permission.WRITE" /> <!-- for htc -->
37-->[me.leolin:ShortcutBadger:1.1.22] AndroidManifest.xml:20:5-87
37-->[me.leolin:ShortcutBadger:1.1.22] AndroidManifest.xml:20:22-84
38    <uses-permission android:name="com.htc.launcher.permission.READ_SETTINGS" />
38-->[me.leolin:ShortcutBadger:1.1.22] AndroidManifest.xml:23:5-81
38-->[me.leolin:ShortcutBadger:1.1.22] AndroidManifest.xml:23:22-78
39    <uses-permission android:name="com.htc.launcher.permission.UPDATE_SHORTCUT" /> <!-- for sony -->
39-->[me.leolin:ShortcutBadger:1.1.22] AndroidManifest.xml:24:5-83
39-->[me.leolin:ShortcutBadger:1.1.22] AndroidManifest.xml:24:22-80
40    <uses-permission android:name="com.sonyericsson.home.permission.BROADCAST_BADGE" />
40-->[me.leolin:ShortcutBadger:1.1.22] AndroidManifest.xml:27:5-88
40-->[me.leolin:ShortcutBadger:1.1.22] AndroidManifest.xml:27:22-85
41    <uses-permission android:name="com.sonymobile.home.permission.PROVIDER_INSERT_BADGE" /> <!-- for apex -->
41-->[me.leolin:ShortcutBadger:1.1.22] AndroidManifest.xml:28:5-92
41-->[me.leolin:ShortcutBadger:1.1.22] AndroidManifest.xml:28:22-89
42    <uses-permission android:name="com.anddoes.launcher.permission.UPDATE_COUNT" /> <!-- for solid -->
42-->[me.leolin:ShortcutBadger:1.1.22] AndroidManifest.xml:31:5-84
42-->[me.leolin:ShortcutBadger:1.1.22] AndroidManifest.xml:31:22-81
43    <uses-permission android:name="com.majeur.launcher.permission.UPDATE_BADGE" /> <!-- for huawei -->
43-->[me.leolin:ShortcutBadger:1.1.22] AndroidManifest.xml:34:5-83
43-->[me.leolin:ShortcutBadger:1.1.22] AndroidManifest.xml:34:22-80
44    <uses-permission android:name="com.huawei.android.launcher.permission.CHANGE_BADGE" />
44-->[me.leolin:ShortcutBadger:1.1.22] AndroidManifest.xml:37:5-91
44-->[me.leolin:ShortcutBadger:1.1.22] AndroidManifest.xml:37:22-88
45    <uses-permission android:name="com.huawei.android.launcher.permission.READ_SETTINGS" />
45-->[me.leolin:ShortcutBadger:1.1.22] AndroidManifest.xml:38:5-92
45-->[me.leolin:ShortcutBadger:1.1.22] AndroidManifest.xml:38:22-89
46    <uses-permission android:name="com.huawei.android.launcher.permission.WRITE_SETTINGS" /> <!-- for ZUK -->
46-->[me.leolin:ShortcutBadger:1.1.22] AndroidManifest.xml:39:5-93
46-->[me.leolin:ShortcutBadger:1.1.22] AndroidManifest.xml:39:22-90
47    <uses-permission android:name="android.permission.READ_APP_BADGE" /> <!-- for OPPO -->
47-->[me.leolin:ShortcutBadger:1.1.22] AndroidManifest.xml:42:5-73
47-->[me.leolin:ShortcutBadger:1.1.22] AndroidManifest.xml:42:22-70
48    <uses-permission android:name="com.oppo.launcher.permission.READ_SETTINGS" />
48-->[me.leolin:ShortcutBadger:1.1.22] AndroidManifest.xml:45:5-82
48-->[me.leolin:ShortcutBadger:1.1.22] AndroidManifest.xml:45:22-79
49    <uses-permission android:name="com.oppo.launcher.permission.WRITE_SETTINGS" /> <!-- for EvMe -->
49-->[me.leolin:ShortcutBadger:1.1.22] AndroidManifest.xml:46:5-83
49-->[me.leolin:ShortcutBadger:1.1.22] AndroidManifest.xml:46:22-80
50    <uses-permission android:name="me.everything.badger.permission.BADGE_COUNT_READ" />
50-->[me.leolin:ShortcutBadger:1.1.22] AndroidManifest.xml:49:5-88
50-->[me.leolin:ShortcutBadger:1.1.22] AndroidManifest.xml:49:22-85
51    <uses-permission android:name="me.everything.badger.permission.BADGE_COUNT_WRITE" />
51-->[me.leolin:ShortcutBadger:1.1.22] AndroidManifest.xml:50:5-89
51-->[me.leolin:ShortcutBadger:1.1.22] AndroidManifest.xml:50:22-86
52    <uses-permission android:name="com.google.android.finsky.permission.BIND_GET_INSTALL_REFERRER_SERVICE" />
52-->[com.google.android.gms:play-services-measurement:19.0.0] AndroidManifest.xml:26:5-110
52-->[com.google.android.gms:play-services-measurement:19.0.0] AndroidManifest.xml:26:22-107
53
54    <application
54-->src/main/AndroidManifest.xml:13:5-55:19
55        android:name="com.doomshell.ezypayroll.MainApplication"
55-->src/main/AndroidManifest.xml:14:7-38
56        android:allowBackup="false"
56-->src/main/AndroidManifest.xml:18:7-34
57        android:appComponentFactory="androidx.core.app.CoreComponentFactory"
57-->[androidx.core:core:1.5.0] AndroidManifest.xml:24:18-86
58        android:icon="@mipmap/ic_launcher"
58-->src/main/AndroidManifest.xml:16:7-41
59        android:label="@string/app_name"
59-->src/main/AndroidManifest.xml:15:7-39
60        android:requestLegacyExternalStorage="true"
60-->src/main/AndroidManifest.xml:22:9-52
61        android:roundIcon="@mipmap/ic_launcher_round"
61-->src/main/AndroidManifest.xml:17:7-52
62        android:screenOrientation="portrait"
62-->src/main/AndroidManifest.xml:21:9-45
63        android:theme="@style/AppTheme"
63-->src/main/AndroidManifest.xml:19:7-38
64        android:usesCleartextTraffic="true" >
64-->src/main/AndroidManifest.xml:20:9-44
65        <activity
65-->src/main/AndroidManifest.xml:26:9-37:18
66            android:name="com.doomshell.ezypayroll.MainActivity"
66-->src/main/AndroidManifest.xml:28:13-41
67            android:configChanges="keyboard|keyboardHidden|orientation|screenSize|uiMode"
67-->src/main/AndroidManifest.xml:30:13-90
68            android:exported="true"
68-->src/main/AndroidManifest.xml:27:13-36
69            android:label="@string/app_name"
69-->src/main/AndroidManifest.xml:29:13-45
70            android:launchMode="singleTop"
70-->src/main/AndroidManifest.xml:31:13-43
71            android:windowSoftInputMode="adjustResize" >
71-->src/main/AndroidManifest.xml:32:13-55
72            <intent-filter>
72-->src/main/AndroidManifest.xml:33:9-36:25
73                <action android:name="android.intent.action.MAIN" />
73-->src/main/AndroidManifest.xml:34:13-65
73-->src/main/AndroidManifest.xml:34:21-62
74
75                <category android:name="android.intent.category.LAUNCHER" />
75-->src/main/AndroidManifest.xml:35:13-73
75-->src/main/AndroidManifest.xml:35:23-70
76            </intent-filter>
77        </activity>
78        <activity android:name="com.facebook.react.devsupport.DevSettingsActivity" />
78-->src/main/AndroidManifest.xml:38:8-85
78-->src/main/AndroidManifest.xml:38:18-82
79
80        <service
80-->src/main/AndroidManifest.xml:40:9-44:19
81            android:name="io.invertase.firebase.messaging.RNFirebaseMessagingService"
81-->src/main/AndroidManifest.xml:40:18-91
82            android:exported="true" >
82-->src/main/AndroidManifest.xml:40:92-115
83            <intent-filter>
83-->src/main/AndroidManifest.xml:41:13-43:29
84                <action android:name="com.google.firebase.MESSAGING_EVENT" />
84-->src/main/AndroidManifest.xml:42:17-78
84-->src/main/AndroidManifest.xml:42:25-75
85            </intent-filter>
86        </service>
87        <service android:name="io.invertase.firebase.messaging.RNFirebaseBackgroundMessagingService" />
87-->src/main/AndroidManifest.xml:46:9-104
87-->src/main/AndroidManifest.xml:46:18-101
88
89        <meta-data
89-->src/main/AndroidManifest.xml:48:9-50:57
90            android:name="com.google.firebase.messaging.default_notification_icon"
90-->src/main/AndroidManifest.xml:49:13-83
91            android:resource="@drawable/ic_stat_name" />
91-->src/main/AndroidManifest.xml:50:13-54
92        <meta-data
92-->src/main/AndroidManifest.xml:52:9-54:64
93            android:name="com.google.firebase.messaging.default_notification_color"
93-->src/main/AndroidManifest.xml:53:13-84
94            android:resource="@color/ic_launcher_background" />
94-->src/main/AndroidManifest.xml:54:13-61
95
96        <service
96-->[:react-native-firebase] AndroidManifest.xml:14:9-18:19
97            android:name="com.google.firebase.components.ComponentDiscoveryService"
97-->[:react-native-firebase] AndroidManifest.xml:14:18-89
98            android:directBootAware="true"
98-->[com.google.firebase:firebase-common:20.0.0] AndroidManifest.xml:35:13-43
99            android:exported="false" >
99-->[com.google.firebase:firebase-auth:21.0.1] AndroidManifest.xml:76:13-37
100            <meta-data
100-->[:react-native-firebase] AndroidManifest.xml:15:13-17:85
101                android:name="com.google.firebase.components:io.invertase.firebase.ReactNativeFirebaseAppRegistrar"
101-->[:react-native-firebase] AndroidManifest.xml:16:17-116
102                android:value="com.google.firebase.components.ComponentRegistrar" />
102-->[:react-native-firebase] AndroidManifest.xml:17:17-82
103            <meta-data
103-->[com.google.firebase:firebase-auth:21.0.1] AndroidManifest.xml:77:13-79:85
104                android:name="com.google.firebase.components:com.google.firebase.auth.FirebaseAuthRegistrar"
104-->[com.google.firebase:firebase-auth:21.0.1] AndroidManifest.xml:78:17-109
105                android:value="com.google.firebase.components.ComponentRegistrar" />
105-->[com.google.firebase:firebase-auth:21.0.1] AndroidManifest.xml:79:17-82
106            <meta-data
106-->[com.google.firebase:firebase-iid:21.1.0] AndroidManifest.xml:32:13-34:85
107                android:name="com.google.firebase.components:com.google.firebase.iid.Registrar"
107-->[com.google.firebase:firebase-iid:21.1.0] AndroidManifest.xml:33:17-96
108                android:value="com.google.firebase.components.ComponentRegistrar" />
108-->[com.google.firebase:firebase-iid:21.1.0] AndroidManifest.xml:34:17-82
109            <meta-data
109-->[com.google.firebase:firebase-crashlytics:18.0.1] AndroidManifest.xml:18:13-20:85
110                android:name="com.google.firebase.components:com.google.firebase.crashlytics.CrashlyticsRegistrar"
110-->[com.google.firebase:firebase-crashlytics:18.0.1] AndroidManifest.xml:19:17-115
111                android:value="com.google.firebase.components.ComponentRegistrar" />
111-->[com.google.firebase:firebase-crashlytics:18.0.1] AndroidManifest.xml:20:17-82
112            <meta-data
112-->[com.google.firebase:firebase-messaging:22.0.0] AndroidManifest.xml:52:13-54:85
113                android:name="com.google.firebase.components:com.google.firebase.messaging.FirebaseMessagingRegistrar"
113-->[com.google.firebase:firebase-messaging:22.0.0] AndroidManifest.xml:53:17-119
114                android:value="com.google.firebase.components.ComponentRegistrar" />
114-->[com.google.firebase:firebase-messaging:22.0.0] AndroidManifest.xml:54:17-82
115            <meta-data
115-->[com.google.firebase:firebase-datatransport:18.0.0] AndroidManifest.xml:28:13-30:85
116                android:name="com.google.firebase.components:com.google.firebase.datatransport.TransportRegistrar"
116-->[com.google.firebase:firebase-datatransport:18.0.0] AndroidManifest.xml:29:17-115
117                android:value="com.google.firebase.components.ComponentRegistrar" />
117-->[com.google.firebase:firebase-datatransport:18.0.0] AndroidManifest.xml:30:17-82
118            <meta-data
118-->[com.google.android.gms:play-services-measurement-api:19.0.0] AndroidManifest.xml:30:13-32:85
119                android:name="com.google.firebase.components:com.google.firebase.analytics.connector.internal.AnalyticsConnectorRegistrar"
119-->[com.google.android.gms:play-services-measurement-api:19.0.0] AndroidManifest.xml:31:17-139
120                android:value="com.google.firebase.components.ComponentRegistrar" />
120-->[com.google.android.gms:play-services-measurement-api:19.0.0] AndroidManifest.xml:32:17-82
121            <meta-data
121-->[com.google.firebase:firebase-installations:17.0.0] AndroidManifest.xml:18:13-20:85
122                android:name="com.google.firebase.components:com.google.firebase.installations.FirebaseInstallationsRegistrar"
122-->[com.google.firebase:firebase-installations:17.0.0] AndroidManifest.xml:19:17-127
123                android:value="com.google.firebase.components.ComponentRegistrar" />
123-->[com.google.firebase:firebase-installations:17.0.0] AndroidManifest.xml:20:17-82
124        </service>
125
126        <provider
126-->[:react-native-webview] AndroidManifest.xml:10:9-18:20
127            android:name="com.reactnativecommunity.webview.RNCWebViewFileProvider"
127-->[:react-native-webview] AndroidManifest.xml:11:13-83
128            android:authorities="com.doomshell.ezypayroll.fileprovider"
128-->[:react-native-webview] AndroidManifest.xml:12:13-64
129            android:exported="false"
129-->[:react-native-webview] AndroidManifest.xml:13:13-37
130            android:grantUriPermissions="true" >
130-->[:react-native-webview] AndroidManifest.xml:14:13-47
131            <meta-data
131-->[:react-native-webview] AndroidManifest.xml:15:13-17:63
132                android:name="android.support.FILE_PROVIDER_PATHS"
132-->[:react-native-webview] AndroidManifest.xml:16:17-67
133                android:resource="@xml/file_provider_paths" />
133-->[:react-native-webview] AndroidManifest.xml:17:17-60
134        </provider>
135
136        <activity
136-->[com.google.firebase:firebase-auth:21.0.1] AndroidManifest.xml:27:9-44:20
137            android:name="com.google.firebase.auth.internal.GenericIdpActivity"
137-->[com.google.firebase:firebase-auth:21.0.1] AndroidManifest.xml:28:13-80
138            android:excludeFromRecents="true"
138-->[com.google.firebase:firebase-auth:21.0.1] AndroidManifest.xml:29:13-46
139            android:exported="true"
139-->[com.google.firebase:firebase-auth:21.0.1] AndroidManifest.xml:30:13-36
140            android:launchMode="singleTask"
140-->[com.google.firebase:firebase-auth:21.0.1] AndroidManifest.xml:31:13-44
141            android:theme="@android:style/Theme.Translucent.NoTitleBar" >
141-->[com.google.firebase:firebase-auth:21.0.1] AndroidManifest.xml:32:13-72
142            <intent-filter>
142-->[com.google.firebase:firebase-auth:21.0.1] AndroidManifest.xml:33:13-43:29
143                <action android:name="android.intent.action.VIEW" />
143-->[com.google.firebase:firebase-auth:21.0.1] AndroidManifest.xml:34:17-69
143-->[com.google.firebase:firebase-auth:21.0.1] AndroidManifest.xml:34:25-66
144
145                <category android:name="android.intent.category.DEFAULT" />
145-->[com.google.firebase:firebase-auth:21.0.1] AndroidManifest.xml:36:17-76
145-->[com.google.firebase:firebase-auth:21.0.1] AndroidManifest.xml:36:27-73
146                <category android:name="android.intent.category.BROWSABLE" />
146-->[com.google.firebase:firebase-auth:21.0.1] AndroidManifest.xml:37:17-78
146-->[com.google.firebase:firebase-auth:21.0.1] AndroidManifest.xml:37:27-75
147
148                <data
148-->[com.google.firebase:firebase-auth:21.0.1] AndroidManifest.xml:39:17-42:51
149                    android:host="firebase.auth"
149-->[com.google.firebase:firebase-auth:21.0.1] AndroidManifest.xml:40:21-49
150                    android:path="/"
150-->[com.google.firebase:firebase-auth:21.0.1] AndroidManifest.xml:41:21-37
151                    android:scheme="genericidp" />
151-->[com.google.firebase:firebase-auth:21.0.1] AndroidManifest.xml:42:21-48
152            </intent-filter>
153        </activity>
154        <activity
154-->[com.google.firebase:firebase-auth:21.0.1] AndroidManifest.xml:45:9-62:20
155            android:name="com.google.firebase.auth.internal.RecaptchaActivity"
155-->[com.google.firebase:firebase-auth:21.0.1] AndroidManifest.xml:46:13-79
156            android:excludeFromRecents="true"
156-->[com.google.firebase:firebase-auth:21.0.1] AndroidManifest.xml:47:13-46
157            android:exported="true"
157-->[com.google.firebase:firebase-auth:21.0.1] AndroidManifest.xml:48:13-36
158            android:launchMode="singleTask"
158-->[com.google.firebase:firebase-auth:21.0.1] AndroidManifest.xml:49:13-44
159            android:theme="@android:style/Theme.Translucent.NoTitleBar" >
159-->[com.google.firebase:firebase-auth:21.0.1] AndroidManifest.xml:50:13-72
160            <intent-filter>
160-->[com.google.firebase:firebase-auth:21.0.1] AndroidManifest.xml:51:13-61:29
161                <action android:name="android.intent.action.VIEW" />
161-->[com.google.firebase:firebase-auth:21.0.1] AndroidManifest.xml:34:17-69
161-->[com.google.firebase:firebase-auth:21.0.1] AndroidManifest.xml:34:25-66
162
163                <category android:name="android.intent.category.DEFAULT" />
163-->[com.google.firebase:firebase-auth:21.0.1] AndroidManifest.xml:36:17-76
163-->[com.google.firebase:firebase-auth:21.0.1] AndroidManifest.xml:36:27-73
164                <category android:name="android.intent.category.BROWSABLE" />
164-->[com.google.firebase:firebase-auth:21.0.1] AndroidManifest.xml:37:17-78
164-->[com.google.firebase:firebase-auth:21.0.1] AndroidManifest.xml:37:27-75
165
166                <data
166-->[com.google.firebase:firebase-auth:21.0.1] AndroidManifest.xml:39:17-42:51
167                    android:host="firebase.auth"
167-->[com.google.firebase:firebase-auth:21.0.1] AndroidManifest.xml:40:21-49
168                    android:path="/"
168-->[com.google.firebase:firebase-auth:21.0.1] AndroidManifest.xml:41:21-37
169                    android:scheme="recaptcha" />
169-->[com.google.firebase:firebase-auth:21.0.1] AndroidManifest.xml:42:21-48
170            </intent-filter>
171        </activity>
172
173        <service
173-->[com.google.firebase:firebase-auth:21.0.1] AndroidManifest.xml:64:9-73:19
174            android:name="com.google.firebase.auth.api.fallback.service.FirebaseAuthFallbackService"
174-->[com.google.firebase:firebase-auth:21.0.1] AndroidManifest.xml:65:13-101
175            android:enabled="true"
175-->[com.google.firebase:firebase-auth:21.0.1] AndroidManifest.xml:66:13-35
176            android:exported="false" >
176-->[com.google.firebase:firebase-auth:21.0.1] AndroidManifest.xml:67:13-37
177            <intent-filter>
177-->[com.google.firebase:firebase-auth:21.0.1] AndroidManifest.xml:68:13-72:29
178                <action android:name="com.google.firebase.auth.api.gms.service.START" />
178-->[com.google.firebase:firebase-auth:21.0.1] AndroidManifest.xml:69:17-89
178-->[com.google.firebase:firebase-auth:21.0.1] AndroidManifest.xml:69:25-86
179
180                <category android:name="android.intent.category.DEFAULT" />
180-->[com.google.firebase:firebase-auth:21.0.1] AndroidManifest.xml:36:17-76
180-->[com.google.firebase:firebase-auth:21.0.1] AndroidManifest.xml:36:27-73
181            </intent-filter>
182        </service>
183
184        <activity
184-->[com.google.android.gms:play-services-auth:19.0.0] AndroidManifest.xml:23:9-27:75
185            android:name="com.google.android.gms.auth.api.signin.internal.SignInHubActivity"
185-->[com.google.android.gms:play-services-auth:19.0.0] AndroidManifest.xml:24:13-93
186            android:excludeFromRecents="true"
186-->[com.google.android.gms:play-services-auth:19.0.0] AndroidManifest.xml:25:13-46
187            android:exported="false"
187-->[com.google.android.gms:play-services-auth:19.0.0] AndroidManifest.xml:26:13-37
188            android:theme="@android:style/Theme.Translucent.NoTitleBar" />
188-->[com.google.android.gms:play-services-auth:19.0.0] AndroidManifest.xml:27:13-72
189        <!--
190            Service handling Google Sign-In user revocation. For apps that do not integrate with
191            Google Sign-In, this service will never be started.
192        -->
193        <service
193-->[com.google.android.gms:play-services-auth:19.0.0] AndroidManifest.xml:33:9-37:51
194            android:name="com.google.android.gms.auth.api.signin.RevocationBoundService"
194-->[com.google.android.gms:play-services-auth:19.0.0] AndroidManifest.xml:34:13-89
195            android:exported="true"
195-->[com.google.android.gms:play-services-auth:19.0.0] AndroidManifest.xml:35:13-36
196            android:permission="com.google.android.gms.auth.api.signin.permission.REVOCATION_NOTIFICATION"
196-->[com.google.android.gms:play-services-auth:19.0.0] AndroidManifest.xml:36:13-107
197            android:visibleToInstantApps="true" />
197-->[com.google.android.gms:play-services-auth:19.0.0] AndroidManifest.xml:37:13-48
198        <service
198-->[com.google.android.gms:play-services-mlkit-barcode-scanning:16.2.0] AndroidManifest.xml:9:9-15:19
199            android:name="com.google.mlkit.common.internal.MlKitComponentDiscoveryService"
199-->[com.google.android.gms:play-services-mlkit-barcode-scanning:16.2.0] AndroidManifest.xml:10:13-91
200            android:directBootAware="true"
200-->[com.google.mlkit:common:17.2.0] AndroidManifest.xml:17:13-43
201            android:exported="false" >
201-->[com.google.android.gms:play-services-mlkit-barcode-scanning:16.2.0] AndroidManifest.xml:11:13-37
202            <meta-data
202-->[com.google.android.gms:play-services-mlkit-barcode-scanning:16.2.0] AndroidManifest.xml:12:13-14:85
203                android:name="com.google.firebase.components:com.google.mlkit.vision.barcode.internal.BarcodeRegistrar"
203-->[com.google.android.gms:play-services-mlkit-barcode-scanning:16.2.0] AndroidManifest.xml:13:17-120
204                android:value="com.google.firebase.components.ComponentRegistrar" />
204-->[com.google.android.gms:play-services-mlkit-barcode-scanning:16.2.0] AndroidManifest.xml:14:17-82
205            <meta-data
205-->[com.google.android.gms:play-services-mlkit-face-detection:16.2.0] AndroidManifest.xml:12:13-14:85
206                android:name="com.google.firebase.components:com.google.mlkit.vision.face.internal.FaceRegistrar"
206-->[com.google.android.gms:play-services-mlkit-face-detection:16.2.0] AndroidManifest.xml:13:17-114
207                android:value="com.google.firebase.components.ComponentRegistrar" />
207-->[com.google.android.gms:play-services-mlkit-face-detection:16.2.0] AndroidManifest.xml:14:17-82
208            <meta-data
208-->[com.google.android.gms:play-services-mlkit-text-recognition:16.3.0] AndroidManifest.xml:12:13-14:85
209                android:name="com.google.firebase.components:com.google.mlkit.vision.text.internal.TextRegistrar"
209-->[com.google.android.gms:play-services-mlkit-text-recognition:16.3.0] AndroidManifest.xml:13:17-114
210                android:value="com.google.firebase.components.ComponentRegistrar" />
210-->[com.google.android.gms:play-services-mlkit-text-recognition:16.3.0] AndroidManifest.xml:14:17-82
211            <meta-data
211-->[com.google.mlkit:vision-common:16.5.0] AndroidManifest.xml:12:13-14:85
212                android:name="com.google.firebase.components:com.google.mlkit.vision.common.internal.VisionCommonRegistrar"
212-->[com.google.mlkit:vision-common:16.5.0] AndroidManifest.xml:13:17-124
213                android:value="com.google.firebase.components.ComponentRegistrar" />
213-->[com.google.mlkit:vision-common:16.5.0] AndroidManifest.xml:14:17-82
214            <meta-data
214-->[com.google.mlkit:common:17.2.0] AndroidManifest.xml:20:13-22:85
215                android:name="com.google.firebase.components:com.google.mlkit.common.internal.CommonComponentRegistrar"
215-->[com.google.mlkit:common:17.2.0] AndroidManifest.xml:21:17-120
216                android:value="com.google.firebase.components.ComponentRegistrar" />
216-->[com.google.mlkit:common:17.2.0] AndroidManifest.xml:22:17-82
217        </service>
218
219        <provider
219-->[com.google.mlkit:common:17.2.0] AndroidManifest.xml:9:9-13:38
220            android:name="com.google.mlkit.common.internal.MlKitInitProvider"
220-->[com.google.mlkit:common:17.2.0] AndroidManifest.xml:10:13-78
221            android:authorities="com.doomshell.ezypayroll.mlkitinitprovider"
221-->[com.google.mlkit:common:17.2.0] AndroidManifest.xml:11:13-69
222            android:exported="false"
222-->[com.google.mlkit:common:17.2.0] AndroidManifest.xml:12:13-37
223            android:initOrder="99" />
223-->[com.google.mlkit:common:17.2.0] AndroidManifest.xml:13:13-35
224
225        <activity
225-->[com.google.android.gms:play-services-base:18.0.1] AndroidManifest.xml:20:9-22:45
226            android:name="com.google.android.gms.common.api.GoogleApiActivity"
226-->[com.google.android.gms:play-services-base:18.0.1] AndroidManifest.xml:20:19-85
227            android:exported="false"
227-->[com.google.android.gms:play-services-base:18.0.1] AndroidManifest.xml:22:19-43
228            android:theme="@android:style/Theme.Translucent.NoTitleBar" />
228-->[com.google.android.gms:play-services-base:18.0.1] AndroidManifest.xml:21:19-78
229
230        <receiver
230-->[com.google.firebase:firebase-messaging:22.0.0] AndroidManifest.xml:28:9-35:20
231            android:name="com.google.firebase.iid.FirebaseInstanceIdReceiver"
231-->[com.google.firebase:firebase-messaging:22.0.0] AndroidManifest.xml:29:13-78
232            android:exported="true"
232-->[com.google.firebase:firebase-messaging:22.0.0] AndroidManifest.xml:30:13-36
233            android:permission="com.google.android.c2dm.permission.SEND" >
233-->[com.google.firebase:firebase-messaging:22.0.0] AndroidManifest.xml:31:13-73
234            <intent-filter>
234-->[com.google.firebase:firebase-messaging:22.0.0] AndroidManifest.xml:32:13-34:29
235                <action android:name="com.google.android.c2dm.intent.RECEIVE" />
235-->[com.google.firebase:firebase-messaging:22.0.0] AndroidManifest.xml:33:17-81
235-->[com.google.firebase:firebase-messaging:22.0.0] AndroidManifest.xml:33:25-78
236            </intent-filter>
237        </receiver>
238        <!--
239             FirebaseMessagingService performs security checks at runtime,
240             but set to not exported to explicitly avoid allowing another app to call it.
241        -->
242        <service
242-->[com.google.firebase:firebase-messaging:22.0.0] AndroidManifest.xml:41:9-48:19
243            android:name="com.google.firebase.messaging.FirebaseMessagingService"
243-->[com.google.firebase:firebase-messaging:22.0.0] AndroidManifest.xml:42:13-82
244            android:directBootAware="true"
244-->[com.google.firebase:firebase-messaging:22.0.0] AndroidManifest.xml:43:13-43
245            android:exported="false" >
245-->[com.google.firebase:firebase-messaging:22.0.0] AndroidManifest.xml:44:13-37
246            <intent-filter android:priority="-500" >
246-->src/main/AndroidManifest.xml:41:13-43:29